This file contains any messages produced by compilers while
running configure, to aid debugging if configure makes a mistake.

It was created by configure, which was
generated by GNU Autoconf 2.63.  Invocation command line was

  $ ./configure 

## --------- ##
## Platform. ##
## --------- ##

hostname = mba.local
uname -m = i386
uname -r = 10.6.0
uname -s = Darwin
uname -v = Darwin Kernel Version 10.6.0: Wed Nov 10 18:13:17 PST 2010; root:xnu-1504.9.26~3/RELEASE_I386

/usr/bin/uname -p = i386
/bin/uname -X     = unknown

/bin/arch              = unknown
/usr/bin/arch -k       = unknown
/usr/convex/getsysinfo = unknown
/usr/bin/hostinfo      = Mach kernel version:
	 Darwin Kernel Version 10.6.0: Wed Nov 10 18:13:17 PST 2010; root:xnu-1504.9.26~3/RELEASE_I386
Kernel configured for up to 2 processors.
2 processors are physically available.
2 processors are logically available.
Processor type: i486 (Intel 80486)
Processors active: 0 1
Primary memory available: 2.00 gigabytes
Default processor set: 89 tasks, 409 threads, 2 processors
Load average: 2.16, Mach factor: 0.80
/bin/machine           = unknown
/usr/bin/oslevel       = unknown
/bin/universe          = unknown

PATH: /Users/moriuchi/perl5/perlbrew/bin
PATH: /Users/moriuchi/perl5/perlbrew/perls/perl-5.12.1/bin
PATH: /Users/moriuchi/bin/
PATH: ./bin/
PATH: ./
PATH: /usr/bin
PATH: /bin
PATH: /usr/sbin
PATH: /sbin
PATH: /usr/local/bin
PATH: /usr/X11/bin
PATH: /opt/oracle/instantclient


## ----------- ##
## Core tests. ##
## ----------- ##

configure:1809: checking for a BSD-compatible install
configure:1877: result: /usr/bin/install -c
configure:1888: checking whether build environment is sane
configure:1931: result: yes
configure:1993: checking for gawk
configure:2023: result: no
configure:1993: checking for mawk
configure:2023: result: no
configure:1993: checking for nawk
configure:2023: result: no
configure:1993: checking for awk
configure:2009: found /usr/bin/awk
configure:2020: result: awk
configure:2031: checking whether make sets $(MAKE)
configure:2053: result: yes
configure:2233: checking whether to enable maintainer-specific portions of Makefiles
configure:2242: result: no
configure:2267: checking for emacs
configure:2283: found /usr/local/bin/emacs
configure:2294: result: emacs
configure:2318: checking where .elc files should go
configure:2331: $EMACS -batch -q -eval '(while load-path (princ (concat (car load-path) "\n")) (setq load-path (cdr load-path)))' </dev/null >conftest.out
Warning: arch-dependent data dir (/private/tmp/homebrew-emacs-23.2-7FdB/emacs-23.2/nextstep/Emacs.app/Contents/MacOS/libexec/emacs/23.2/x86_64-apple-darwin10.6.0/) does not exist.
configure:2334: $? = 0
configure:2347: result: ${datadir}/emacs/site-lisp
configure:2356: checking detecting your emacs type
configure:2373: result: emacs21
configure:2442: checking where icon files should go
configure:2473: result: /usr/local/Cellar/emacs/23.2/share/emacs/23.2/etc/navi2ch/icons
configure:2630: creating ./config.status

## ---------------------- ##
## Running config.status. ##
## ---------------------- ##

This file was extended by config.status, which was
generated by GNU Autoconf 2.63.  Invocation command line was

  CONFIG_FILES    = 
  CONFIG_HEADERS  = 
  CONFIG_LINKS    = 
  CONFIG_COMMANDS = 
  $ ./config.status 

on mba.local

config.status:669: creating Makefile
config.status:669: creating contrib/Makefile
config.status:669: creating doc/Makefile
config.status:669: creating icons/Makefile
config.status:669: creating navi2ch-config.el

## ---------------- ##
## Cache variables. ##
## ---------------- ##

_cv_icondir=/usr/local/Cellar/emacs/23.2/share/emacs/23.2/etc/navi2ch/icons
ac_cv_env_EMACSLOADPATH_set=
ac_cv_env_EMACSLOADPATH_value=
ac_cv_env_EMACS_set=
ac_cv_env_EMACS_value=
ac_cv_env_build_alias_set=
ac_cv_env_build_alias_value=
ac_cv_env_host_alias_set=
ac_cv_env_host_alias_value=
ac_cv_env_target_alias_set=
ac_cv_env_target_alias_value=
ac_cv_path_install='/usr/bin/install -c'
ac_cv_prog_AWK=awk
ac_cv_prog_EMACS=emacs
ac_cv_prog_make_make_set=yes
am_cv_lispdir='${datadir}/emacs/site-lisp'

## ----------------- ##
## Output variables. ##
## ----------------- ##

ACLOCAL='${SHELL} /Users/moriuchi/.emacs.d/elisp/navi2ch/missing --run aclocal-1.9'
AMTAR='${SHELL} /Users/moriuchi/.emacs.d/elisp/navi2ch/missing --run tar'
AUTOCONF='${SHELL} /Users/moriuchi/.emacs.d/elisp/navi2ch/missing --run autoconf'
AUTOHEADER='${SHELL} /Users/moriuchi/.emacs.d/elisp/navi2ch/missing --run autoheader'
AUTOMAKE='${SHELL} /Users/moriuchi/.emacs.d/elisp/navi2ch/missing --run automake-1.9'
AWK='awk'
CYGPATH_W='echo'
DEFS='-DPACKAGE_NAME=\"\" -DPACKAGE_TARNAME=\"\" -DPACKAGE_VERSION=\"\" -DPACKAGE_STRING=\"\" -DPACKAGE_BUGREPORT=\"\" -DPACKAGE=\"navi2ch\" -DVERSION=\"1.8.3\"'
ECHO_C='\c'
ECHO_N=''
ECHO_T=''
EMACS='emacs'
EMACSLOADPATH=''
INSTALL_DATA='${INSTALL} -m 644'
INSTALL_PROGRAM='${INSTALL}'
INSTALL_SCRIPT='${INSTALL}'
INSTALL_STRIP_PROGRAM='${SHELL} $(install_sh) -c -s'
LIBOBJS=''
LIBS=''
LTLIBOBJS=''
MAINT='#'
MAINTAINER_MODE_FALSE=''
MAINTAINER_MODE_TRUE='#'
MAKEINFO='${SHELL} /Users/moriuchi/.emacs.d/elisp/navi2ch/missing --run makeinfo'
PACKAGE='navi2ch'
PACKAGE_BUGREPORT=''
PACKAGE_NAME=''
PACKAGE_STRING=''
PACKAGE_TARNAME=''
PACKAGE_VERSION=''
PATH_SEPARATOR=':'
SET_MAKE=''
SHELL='/bin/sh'
STRIP=''
VERSION='1.8.3'
am__leading_dot='.'
am__tar='${AMTAR} chof - "$$tardir"'
am__untar='${AMTAR} xf -'
bindir='${exec_prefix}/bin'
build_alias=''
datadir='${datarootdir}'
datarootdir='${prefix}/share'
docdir='${datarootdir}/doc/${PACKAGE}'
dvidir='${docdir}'
exec_prefix='${prefix}'
host_alias=''
htmldir='${docdir}'
icondir='/usr/local/Cellar/emacs/23.2/share/emacs/23.2/etc/navi2ch/icons'
includedir='${prefix}/include'
infodir='${datarootdir}/info'
install_sh='/Users/moriuchi/.emacs.d/elisp/navi2ch/install-sh'
libdir='${exec_prefix}/lib'
libexecdir='${exec_prefix}/libexec'
lispdir='${datadir}/emacs/site-lisp'
localedir='${datarootdir}/locale'
localstatedir='${prefix}/var'
mandir='${datarootdir}/man'
mkdir_p='$(mkinstalldirs)'
oldincludedir='/usr/include'
packagedir=''
pdfdir='${docdir}'
prefix='/usr/local'
program_transform_name='s,x,x,'
psdir='${docdir}'
sbindir='${exec_prefix}/sbin'
sharedstatedir='${prefix}/com'
sysconfdir='${prefix}/etc'
target_alias=''

## ----------- ##
## confdefs.h. ##
## ----------- ##

#define PACKAGE_NAME ""
#define PACKAGE_TARNAME ""
#define PACKAGE_VERSION ""
#define PACKAGE_STRING ""
#define PACKAGE_BUGREPORT ""
#define PACKAGE "navi2ch"
#define VERSION "1.8.3"

configure: exit 0
